2017-01-25 13:59:14,817  WARN ExpBetaPlanChanger:86 Would make sense to revise this once more.  See comments in code.  kai, nov08
2017-01-25 14:00:00,910 ERROR AbstractController:210 Mobsim did not complete normally! afterMobsimListeners will be called anyway.
java.lang.NullPointerException
	at org.matsim.contrib.dynagent.DynAgent.getDestinationLinkId(DynAgent.java:230)
	at rideSharing.RideShareAgent.getDestinationLinkId(RideShareAgent.java:77)
	at rideSharing.RideShareOptimizer.distanceCalculator(RideShareOptimizer.java:309)
	at rideSharing.RideShareOptimizer.requestSubmitted(RideShareOptimizer.java:161)
	at rideSharing.RideShareOptimizer.requestSubmitted(RideShareOptimizer.java:117)
	at org.matsim.contrib.dvrp.passenger.PassengerEngine.handleDeparture(PassengerEngine.java:157)
	at org.matsim.core.mobsim.qsim.QSim.arrangeAgentDeparture(QSim.java:448)
	at org.matsim.core.mobsim.qsim.QSim.arrangeNextAgentAction(QSim.java:413)
	at org.matsim.core.mobsim.qsim.QSim.access$0(QSim.java:407)
	at org.matsim.core.mobsim.qsim.QSim$1.arrangeNextAgentState(QSim.java:151)
	at org.matsim.core.mobsim.qsim.ActivityEngine.doSimStep(ActivityEngine.java:117)
	at org.matsim.contrib.dynagent.run.DynActivityEngine.doSimStep(DynActivityEngine.java:100)
	at org.matsim.core.mobsim.qsim.QSim.doSimStep(QSim.java:367)
	at org.matsim.core.mobsim.qsim.QSim.run(QSim.java:238)
	at org.matsim.core.controler.NewControler.runMobSim(NewControler.java:120)
	at org.matsim.core.controler.AbstractController$8.run(AbstractController.java:199)
	at org.matsim.core.controler.AbstractController.iterationStep(AbstractController.java:231)
	at org.matsim.core.controler.AbstractController.mobsim(AbstractController.java:195)
	at org.matsim.core.controler.AbstractController.iteration(AbstractController.java:154)
	at org.matsim.core.controler.AbstractController.doIterations(AbstractController.java:121)
	at org.matsim.core.controler.AbstractController.access$0(AbstractController.java:119)
	at org.matsim.core.controler.AbstractController$1.run(AbstractController.java:91)
	at org.matsim.core.controler.MatsimRuntimeModifications.run(MatsimRuntimeModifications.java:48)
	at org.matsim.core.controler.MatsimRuntimeModifications.run(MatsimRuntimeModifications.java:31)
	at org.matsim.core.controler.AbstractController.run(AbstractController.java:99)
	at org.matsim.core.controler.NewControler.run(NewControler.java:79)
	at org.matsim.core.controler.Controler.run(Controler.java:200)
	at rideSharing.Run.run(Run.java:71)
	at rideSharing.Run.run(Run.java:35)
	at rideSharing.Run.main(Run.java:77)
2017-01-25 14:00:00,981  WARN CharyparNagelActivityScoring:252 The first and the last activity do not have the same type. 
2017-01-25 14:00:00,981  WARN CharyparNagelActivityScoring:253 Will score the first activity from midnight to its end, and the last activity from its start to midnight.
2017-01-25 14:00:00,981  WARN CharyparNagelActivityScoring:254 Because of the nonlinear function, this is not the same as scoring from start to end.
2017-01-25 14:00:00,981  WARN CharyparNagelActivityScoring:255 first activity: [type=BeforeVrpSchedule][coord=null][linkId=236667723_6][startTime=undefined][endTime=07:24:46][duration=undefined][facilityId=null]
2017-01-25 14:00:00,982  WARN CharyparNagelActivityScoring:256 last activity: [type=RideSharePickup][coord=null][linkId=216867866_2_rL2][startTime=07:32:38][endTime=undefined][duration=undefined][facilityId=null]
2017-01-25 14:00:00,982  WARN CharyparNagelActivityScoring:257 This may also happen when plans are not completed when the simulation ends.
2017-01-25 14:00:00,982  WARN CharyparNagelActivityScoring:259 Additional warnings of this type are suppressed.
2017-01-25 14:00:00,982 ERROR MatsimRuntimeModifications:54 Getting uncaught Exception in Thread main
java.lang.NullPointerException
	at org.matsim.contrib.dynagent.DynAgent.getDestinationLinkId(DynAgent.java:230)
	at rideSharing.RideShareAgent.getDestinationLinkId(RideShareAgent.java:77)
	at rideSharing.RideShareOptimizer.distanceCalculator(RideShareOptimizer.java:309)
	at rideSharing.RideShareOptimizer.requestSubmitted(RideShareOptimizer.java:161)
	at rideSharing.RideShareOptimizer.requestSubmitted(RideShareOptimizer.java:117)
	at org.matsim.contrib.dvrp.passenger.PassengerEngine.handleDeparture(PassengerEngine.java:157)
	at org.matsim.core.mobsim.qsim.QSim.arrangeAgentDeparture(QSim.java:448)
	at org.matsim.core.mobsim.qsim.QSim.arrangeNextAgentAction(QSim.java:413)
	at org.matsim.core.mobsim.qsim.QSim.access$0(QSim.java:407)
	at org.matsim.core.mobsim.qsim.QSim$1.arrangeNextAgentState(QSim.java:151)
	at org.matsim.core.mobsim.qsim.ActivityEngine.doSimStep(ActivityEngine.java:117)
	at org.matsim.contrib.dynagent.run.DynActivityEngine.doSimStep(DynActivityEngine.java:100)
	at org.matsim.core.mobsim.qsim.QSim.doSimStep(QSim.java:367)
	at org.matsim.core.mobsim.qsim.QSim.run(QSim.java:238)
	at org.matsim.core.controler.NewControler.runMobSim(NewControler.java:120)
	at org.matsim.core.controler.AbstractController$8.run(AbstractController.java:199)
	at org.matsim.core.controler.AbstractController.iterationStep(AbstractController.java:231)
	at org.matsim.core.controler.AbstractController.mobsim(AbstractController.java:195)
	at org.matsim.core.controler.AbstractController.iteration(AbstractController.java:154)
	at org.matsim.core.controler.AbstractController.doIterations(AbstractController.java:121)
	at org.matsim.core.controler.AbstractController.access$0(AbstractController.java:119)
	at org.matsim.core.controler.AbstractController$1.run(AbstractController.java:91)
	at org.matsim.core.controler.MatsimRuntimeModifications.run(MatsimRuntimeModifications.java:48)
	at org.matsim.core.controler.MatsimRuntimeModifications.run(MatsimRuntimeModifications.java:31)
	at org.matsim.core.controler.AbstractController.run(AbstractController.java:99)
	at org.matsim.core.controler.NewControler.run(NewControler.java:79)
	at org.matsim.core.controler.Controler.run(Controler.java:200)
	at rideSharing.Run.run(Run.java:71)
	at rideSharing.Run.run(Run.java:35)
	at rideSharing.Run.main(Run.java:77)
2017-01-25 14:00:00,983 ERROR MatsimRuntimeModifications:60 ERROR --- This is an unexpected shutdown!
2017-01-25 14:00:00,983 ERROR MatsimRuntimeModifications:63 Shutdown possibly caused by the following Exception:
java.lang.NullPointerException
	at org.matsim.contrib.dynagent.DynAgent.getDestinationLinkId(DynAgent.java:230)
	at rideSharing.RideShareAgent.getDestinationLinkId(RideShareAgent.java:77)
	at rideSharing.RideShareOptimizer.distanceCalculator(RideShareOptimizer.java:309)
	at rideSharing.RideShareOptimizer.requestSubmitted(RideShareOptimizer.java:161)
	at rideSharing.RideShareOptimizer.requestSubmitted(RideShareOptimizer.java:117)
	at org.matsim.contrib.dvrp.passenger.PassengerEngine.handleDeparture(PassengerEngine.java:157)
	at org.matsim.core.mobsim.qsim.QSim.arrangeAgentDeparture(QSim.java:448)
	at org.matsim.core.mobsim.qsim.QSim.arrangeNextAgentAction(QSim.java:413)
	at org.matsim.core.mobsim.qsim.QSim.access$0(QSim.java:407)
	at org.matsim.core.mobsim.qsim.QSim$1.arrangeNextAgentState(QSim.java:151)
	at org.matsim.core.mobsim.qsim.ActivityEngine.doSimStep(ActivityEngine.java:117)
	at org.matsim.contrib.dynagent.run.DynActivityEngine.doSimStep(DynActivityEngine.java:100)
	at org.matsim.core.mobsim.qsim.QSim.doSimStep(QSim.java:367)
	at org.matsim.core.mobsim.qsim.QSim.run(QSim.java:238)
	at org.matsim.core.controler.NewControler.runMobSim(NewControler.java:120)
	at org.matsim.core.controler.AbstractController$8.run(AbstractController.java:199)
	at org.matsim.core.controler.AbstractController.iterationStep(AbstractController.java:231)
	at org.matsim.core.controler.AbstractController.mobsim(AbstractController.java:195)
	at org.matsim.core.controler.AbstractController.iteration(AbstractController.java:154)
	at org.matsim.core.controler.AbstractController.doIterations(AbstractController.java:121)
	at org.matsim.core.controler.AbstractController.access$0(AbstractController.java:119)
	at org.matsim.core.controler.AbstractController$1.run(AbstractController.java:91)
	at org.matsim.core.controler.MatsimRuntimeModifications.run(MatsimRuntimeModifications.java:48)
	at org.matsim.core.controler.MatsimRuntimeModifications.run(MatsimRuntimeModifications.java:31)
	at org.matsim.core.controler.AbstractController.run(AbstractController.java:99)
	at org.matsim.core.controler.NewControler.run(NewControler.java:79)
	at org.matsim.core.controler.Controler.run(Controler.java:200)
	at rideSharing.Run.run(Run.java:71)
	at rideSharing.Run.run(Run.java:35)
	at rideSharing.Run.main(Run.java:77)
2017-01-25 14:00:00,984 ERROR MatsimRuntimeModifications:78 ERROR --- MATSim unexpectedly terminated. Please check the output or the logfile with warnings and errors for hints.
2017-01-25 14:00:00,984 ERROR MatsimRuntimeModifications:79 ERROR --- results should not be used for further analysis.
2017-01-25 14:00:00,984 ERROR MatsimRuntimeModifications:83 ERROR --- This was an unexpected shutdown! See the log file for a possible reason.
