2017-01-20 21:53:38,756  WARN ExpBetaPlanChanger:86 Would make sense to revise this once more.  See comments in code.  kai, nov08
2017-01-20 21:53:58,184  WARN CharyparNagelActivityScoring:252 The first and the last activity do not have the same type. 
2017-01-20 21:53:58,197  WARN CharyparNagelActivityScoring:253 Will score the first activity from midnight to its end, and the last activity from its start to midnight.
2017-01-20 21:53:58,198  WARN CharyparNagelActivityScoring:254 Because of the nonlinear function, this is not the same as scoring from start to end.
2017-01-20 21:53:58,198  WARN CharyparNagelActivityScoring:255 first activity: [type=BeforeVrpSchedule][coord=null][linkId=119405104_5L2][startTime=undefined][endTime=08:39:30][duration=undefined][facilityId=null]
2017-01-20 21:53:58,198  WARN CharyparNagelActivityScoring:256 last activity: [type=RideShareStay][coord=null][linkId=9903367_0L2][startTime=10:31:56][endTime=undefined][duration=undefined][facilityId=null]
2017-01-20 21:53:58,198  WARN CharyparNagelActivityScoring:257 This may also happen when plans are not completed when the simulation ends.
2017-01-20 21:53:58,198  WARN CharyparNagelActivityScoring:259 Additional warnings of this type are suppressed.
2017-01-20 22:04:33,628  WARN QNode:237 Cannot move vehicle 27268_3 from link 237756310_2L1 to link 9905660_1
2017-01-20 22:04:44,549  WARN QNode:237 Cannot move vehicle 40158_2 from link 236382045_0_rL1 to link 123170973_0L2
2017-01-20 22:04:45,539  WARN QNode:237 Cannot move vehicle 3628_1 from link 9903839_2L2 to link 9905142_0
2017-01-20 22:04:47,471  WARN QNode:237 Cannot move vehicle 13908_2 from link 163519762_0L2 to link 237886211_0L2
2017-01-20 22:04:52,377  WARN QNode:237 Cannot move vehicle 16018_2 from link 9905945_2L3 to link 182150989_0L2
2017-01-20 22:04:54,748  WARN QNode:237 Cannot move vehicle 10045_1 from link 42145829_4 to link 238011045_1
2017-01-20 22:04:56,638  WARN QNode:237 Cannot move vehicle 9937_1 from link 42145829_4 to link 9905961_0
2017-01-20 22:05:16,164  WARN CharyparNagelActivityScoring:252 The first and the last activity do not have the same type. 
2017-01-20 22:05:16,164  WARN CharyparNagelActivityScoring:253 Will score the first activity from midnight to its end, and the last activity from its start to midnight.
2017-01-20 22:05:16,170  WARN CharyparNagelActivityScoring:254 Because of the nonlinear function, this is not the same as scoring from start to end.
2017-01-20 22:05:16,170  WARN CharyparNagelActivityScoring:255 first activity: [type=BeforeVrpSchedule][coord=null][linkId=9905636_2][startTime=undefined][endTime=10:41:34][duration=undefined][facilityId=null]
2017-01-20 22:05:16,170  WARN CharyparNagelActivityScoring:256 last activity: [type=RideShareStay][coord=null][linkId=9905716_0][startTime=12:41:06][endTime=undefined][duration=undefined][facilityId=null]
2017-01-20 22:05:16,170  WARN CharyparNagelActivityScoring:257 This may also happen when plans are not completed when the simulation ends.
2017-01-20 22:05:16,171  WARN CharyparNagelActivityScoring:259 Additional warnings of this type are suppressed.
2017-01-20 22:05:21,910  WARN QNode:237 Cannot move vehicle 1230_1 from link 237756308_1_rL2 to link 236383289_3L2
2017-01-20 22:05:23,100  WARN QNode:237 Cannot move vehicle 36091_1 from link 236193215_2_rL1 to link 236664925_1
2017-01-20 22:05:23,113  WARN QNode:237 Cannot move vehicle 18605_1 from link 236383289_2 to link 237885175_0L2
2017-01-20 22:05:30,914  WARN QNode:237 Cannot move vehicle 35236_2 from link 236193215_2_rL1 to link 83468744_4
2017-01-20 22:05:31,436  WARN QNode:237 Cannot move vehicle 3858_1 from link 86861750_0 to link 236821664_2L2
2017-01-20 22:05:39,138  WARN QNode:237 Cannot move vehicle 29483_2 from link 9904174_0 to link 236019189_2_rL1
2017-01-20 22:05:39,844  WARN QNode:237 Cannot move vehicle 31675_1 from link 236669168_0 to link 236019189_1
2017-01-20 22:05:54,112  WARN CharyparNagelActivityScoring:252 The first and the last activity do not have the same type. 
2017-01-20 22:05:54,120  WARN CharyparNagelActivityScoring:253 Will score the first activity from midnight to its end, and the last activity from its start to midnight.
2017-01-20 22:05:54,120  WARN CharyparNagelActivityScoring:254 Because of the nonlinear function, this is not the same as scoring from start to end.
2017-01-20 22:05:54,120  WARN CharyparNagelActivityScoring:255 first activity: [type=BeforeVrpSchedule][coord=null][linkId=119405104_5L2][startTime=undefined][endTime=08:39:30][duration=undefined][facilityId=null]
2017-01-20 22:05:54,121  WARN CharyparNagelActivityScoring:256 last activity: [type=RideShareStay][coord=null][linkId=9903367_0L2][startTime=10:31:56][endTime=undefined][duration=undefined][facilityId=null]
2017-01-20 22:05:54,121  WARN CharyparNagelActivityScoring:257 This may also happen when plans are not completed when the simulation ends.
2017-01-20 22:05:54,121  WARN CharyparNagelActivityScoring:259 Additional warnings of this type are suppressed.
2017-01-20 22:05:57,401  WARN QNode:237 Cannot move vehicle 19502_1 from link 9904632_0L2 to link 237170089_4
2017-01-20 22:05:57,457  WARN QNode:237 Cannot move vehicle 12799_1 from link 34521461_1 to link 236669168_0
2017-01-20 22:05:57,636  WARN QNode:237 Cannot move vehicle 10176_2 from link 109283506_1 to link 9905523_0
2017-01-20 22:05:57,980  WARN QNode:237 Cannot move vehicle 1450_1 from link 9904600_0_rL2 to link 237885652_2_rL1
2017-01-20 22:05:58,514  WARN QNode:237 Cannot move vehicle 37723_2 from link 9904632_0L1 to link 237756305_1
2017-01-20 22:05:59,202  WARN QNode:237 Cannot move vehicle 26082_5 from link 9905945_0 to link 143012057_0
2017-01-20 22:06:00,638  WARN QNode:237 Cannot move vehicle 4118_1 from link 86863339_0L2 to link 236193215_7
2017-01-20 22:06:00,841  WARN QNode:237 Cannot move vehicle 15277_2 from link 237756569_3 to link 237756304_0
2017-01-20 22:06:00,928  WARN QNode:237 Cannot move vehicle 26653_1 from link 9905421_1 to link 238011045_2
2017-01-20 22:06:00,975  WARN QNode:237 Cannot move vehicle 41559_1 from link 42145578_0 to link 238014193_0
2017-01-20 22:06:01,178  WARN QNode:237 Cannot move vehicle 870_3 from link 9908032_2 to link 236382037_0
2017-01-20 22:06:01,303  WARN QNode:237 Cannot move vehicle 9858_2 from link 109283506_1 to link 9905523_0
2017-01-20 22:06:01,715  WARN QNode:237 Cannot move vehicle 22233_2 from link 9907866_3 to link 237170089_9L2
2017-01-20 22:06:02,106  WARN QNode:237 Cannot move vehicle 6323_1 from link 109283506_0_rL3 to link 237784199_5L3
2017-01-20 22:06:05,746  WARN QNode:237 Cannot move vehicle 28795_9 from link 236821664_0 to link 237756569_4_rL2
2017-01-20 22:06:10,986  WARN CharyparNagelActivityScoring:252 The first and the last activity do not have the same type. 
2017-01-20 22:06:10,986  WARN CharyparNagelActivityScoring:253 Will score the first activity from midnight to its end, and the last activity from its start to midnight.
2017-01-20 22:06:10,991  WARN CharyparNagelActivityScoring:254 Because of the nonlinear function, this is not the same as scoring from start to end.
2017-01-20 22:06:10,991  WARN CharyparNagelActivityScoring:255 first activity: [type=BeforeVrpSchedule][coord=null][linkId=119405104_5L2][startTime=undefined][endTime=08:39:30][duration=undefined][facilityId=null]
2017-01-20 22:06:10,991  WARN CharyparNagelActivityScoring:256 last activity: [type=RideShareStay][coord=null][linkId=9903367_0L2][startTime=10:31:56][endTime=undefined][duration=undefined][facilityId=null]
2017-01-20 22:06:10,991  WARN CharyparNagelActivityScoring:257 This may also happen when plans are not completed when the simulation ends.
2017-01-20 22:06:10,991  WARN CharyparNagelActivityScoring:259 Additional warnings of this type are suppressed.
2017-01-20 22:06:14,388  WARN QNode:237 Cannot move vehicle 34199_1 from link 236193215_2L1 to link 236383289_4L1
2017-01-20 22:06:14,513  WARN QNode:237 Cannot move vehicle 2893_1 from link 236812882_0 to link 236796987_5
2017-01-20 22:06:14,559  WARN QNode:237 Cannot move vehicle 34358_2 from link 236193215_1 to link 236383289_4L1
2017-01-20 22:06:14,559  WARN QNode:237 Cannot move vehicle 28586_4 from link 236821664_2L2 to link 9905141_0
2017-01-20 22:06:14,606  WARN QNode:237 Cannot move vehicle 27348_1 from link 9905421_1 to link 9905636_5
2017-01-20 22:06:14,895  WARN QNode:237 Cannot move vehicle 24497_1 from link 9904412_0 to link 236821661_0
2017-01-20 22:06:15,586  WARN QNode:237 Cannot move vehicle 9141_1 from link 109283505_1L2 to link 95139628_0
2017-01-20 22:06:15,892  WARN QNode:237 Cannot move vehicle 26082_5 from link 9905945_0 to link 143012057_0
2017-01-20 22:06:16,595  WARN QNode:237 Cannot move vehicle 3081_1 from link 236951782_0 to link 9905636_7_rL1
2017-01-20 22:06:16,951  WARN QNode:237 Cannot move vehicle 37723_2 from link 9904632_0L1 to link 237756305_1
2017-01-20 22:06:17,451  WARN QNode:237 Cannot move vehicle 34588_1 from link 237885182_3L1 to link 236821664_2_rL2
2017-01-20 22:06:17,466  WARN QNode:237 Cannot move vehicle 22812_2 from link 237175268_0L2 to link 143012058_2
2017-01-20 22:06:17,707  WARN QNode:237 Cannot move vehicle 21030_2 from link 237756098_2_rL1 to link 9903730_1
2017-01-20 22:06:17,879  WARN QNode:237 Cannot move vehicle 20646_5 from link 86853227_0L2 to link 9907866_5_rL1
2017-01-20 22:06:19,670  WARN QNode:237 Cannot move vehicle 9695_1 from link 86865647_2 to link 42145829_4
2017-01-20 22:06:39,919  WARN CharyparNagelActivityScoring:252 The first and the last activity do not have the same type. 
2017-01-20 22:06:39,931  WARN CharyparNagelActivityScoring:253 Will score the first activity from midnight to its end, and the last activity from its start to midnight.
2017-01-20 22:06:39,931  WARN CharyparNagelActivityScoring:254 Because of the nonlinear function, this is not the same as scoring from start to end.
2017-01-20 22:06:39,931  WARN CharyparNagelActivityScoring:255 first activity: [type=BeforeVrpSchedule][coord=null][linkId=9903996_0L1][startTime=undefined][endTime=16:59:51][duration=undefined][facilityId=null]
2017-01-20 22:06:39,932  WARN CharyparNagelActivityScoring:256 last activity: [type=RideShareStay][coord=null][linkId=9905830_0][startTime=19:20:31][endTime=undefined][duration=undefined][facilityId=null]
2017-01-20 22:06:39,932  WARN CharyparNagelActivityScoring:257 This may also happen when plans are not completed when the simulation ends.
2017-01-20 22:06:39,932  WARN CharyparNagelActivityScoring:259 Additional warnings of this type are suppressed.
